14-Aug-2017 00:00:16.084 INFO [Thread-5] org.apache.coyote.AbstractProtocol.pause Pausing ProtocolHandler ["http-nio-8080"]
14-Aug-2017 00:00:16.183 INFO [Thread-5] org.apache.coyote.AbstractProtocol.pause Pausing ProtocolHandler ["ajp-nio-8009"]
14-Aug-2017 00:00:16.238 INFO [Thread-5] org.apache.catalina.core.StandardService.stopInternal Stopping service [Catalina]
14-Aug-2017 00:00:16.296 INFO [Thread-5] org.apache.coyote.AbstractProtocol.stop Stopping ProtocolHandler ["http-nio-8080"]
14-Aug-2017 00:00:16.300 INFO [Thread-5] org.apache.coyote.AbstractProtocol.stop Stopping ProtocolHandler ["ajp-nio-8009"]
14-Aug-2017 00:00:16.304 INFO [Thread-5] org.apache.coyote.AbstractProtocol.destroy Destroying ProtocolHandler ["http-nio-8080"]
14-Aug-2017 00:00:16.305 INFO [Thread-5] org.apache.coyote.AbstractProtocol.destroy Destroying ProtocolHandler ["ajp-nio-8009"]
14-Aug-2017 18:16:14.367 INFO [main] org.apache.catalina.startup.VersionLoggerListener.log Server version:        Apache Tomcat/8.5.20
14-Aug-2017 18:16:14.373 INFO [main] org.apache.catalina.startup.VersionLoggerListener.log Server built:          Aug 2 2017 21:35:49 UTC
14-Aug-2017 18:16:14.373 INFO [main] org.apache.catalina.startup.VersionLoggerListener.log Server number:         8.5.20.0
14-Aug-2017 18:16:14.374 INFO [main] org.apache.catalina.startup.VersionLoggerListener.log OS Name:               Mac OS X
14-Aug-2017 18:16:14.374 INFO [main] org.apache.catalina.startup.VersionLoggerListener.log OS Version:            10.12.3
14-Aug-2017 18:16:14.374 INFO [main] org.apache.catalina.startup.VersionLoggerListener.log Architecture:          x86_64
14-Aug-2017 18:16:14.374 INFO [main] org.apache.catalina.startup.VersionLoggerListener.log Java Home:             /Library/Java/JavaVirtualMachines/jdk1.8.0_101.jdk/Contents/Home/jre
14-Aug-2017 18:16:14.375 INFO [main] org.apache.catalina.startup.VersionLoggerListener.log JVM Version:           1.8.0_101-b13
14-Aug-2017 18:16:14.375 INFO [main] org.apache.catalina.startup.VersionLoggerListener.log JVM Vendor:            Oracle Corporation
14-Aug-2017 18:16:14.375 INFO [main] org.apache.catalina.startup.VersionLoggerListener.log CATALINA_BASE:         /Users/deepti/Documents/philosphy/apache-tomcat-8.5.20
14-Aug-2017 18:16:14.375 INFO [main] org.apache.catalina.startup.VersionLoggerListener.log CATALINA_HOME:         /Users/deepti/Documents/philosphy/apache-tomcat-8.5.20
14-Aug-2017 18:16:14.377 INFO [main] org.apache.catalina.startup.VersionLoggerListener.log Command line argument: -Djava.util.logging.config.file=/Users/deepti/Documents/philosphy/apache-tomcat-8.5.20/conf/logging.properties
14-Aug-2017 18:16:14.377 INFO [main] org.apache.catalina.startup.VersionLoggerListener.log Command line argument: -Djava.util.logging.manager=org.apache.juli.ClassLoaderLogManager
14-Aug-2017 18:16:14.378 INFO [main] org.apache.catalina.startup.VersionLoggerListener.log Command line argument: -Dhttp.nonProxyHosts=localhost|127.0.0.1|Deeptis-MacBook-Air.local
14-Aug-2017 18:16:14.378 INFO [main] org.apache.catalina.startup.VersionLoggerListener.log Command line argument: -Djdk.tls.ephemeralDHKeySize=2048
14-Aug-2017 18:16:14.378 INFO [main] org.apache.catalina.startup.VersionLoggerListener.log Command line argument: -Djava.protocol.handler.pkgs=org.apache.catalina.webresources
14-Aug-2017 18:16:14.378 INFO [main] org.apache.catalina.startup.VersionLoggerListener.log Command line argument: -Dcatalina.base=/Users/deepti/Documents/philosphy/apache-tomcat-8.5.20
14-Aug-2017 18:16:14.379 INFO [main] org.apache.catalina.startup.VersionLoggerListener.log Command line argument: -Dcatalina.home=/Users/deepti/Documents/philosphy/apache-tomcat-8.5.20
14-Aug-2017 18:16:14.379 INFO [main] org.apache.catalina.startup.VersionLoggerListener.log Command line argument: -Djava.io.tmpdir=/Users/deepti/Documents/philosphy/apache-tomcat-8.5.20/temp
14-Aug-2017 18:16:14.380 INFO [main] org.apache.catalina.core.AprLifecycleListener.lifecycleEvent The APR based Apache Tomcat Native library which allows optimal performance in production environments was not found on the java.library.path: [/Users/deepti/Library/Java/Extensions:/Library/Java/Extensions:/Network/Library/Java/Extensions:/System/Library/Java/Extensions:/usr/lib/java:.]
14-Aug-2017 18:16:14.864 INFO [main] org.apache.coyote.AbstractProtocol.init Initializing ProtocolHandler ["http-nio-8080"]
14-Aug-2017 18:16:14.994 INFO [main] org.apache.tomcat.util.net.NioSelectorPool.getSharedSelector Using a shared selector for servlet write/read
14-Aug-2017 18:16:15.007 INFO [main] org.apache.coyote.AbstractProtocol.init Initializing ProtocolHandler ["ajp-nio-8009"]
14-Aug-2017 18:16:15.014 INFO [main] org.apache.tomcat.util.net.NioSelectorPool.getSharedSelector Using a shared selector for servlet write/read
14-Aug-2017 18:16:15.014 INFO [main] org.apache.catalina.startup.Catalina.load Initialization processed in 1826 ms
14-Aug-2017 18:16:15.143 INFO [main] org.apache.catalina.core.StandardService.startInternal Starting service [Catalina]
14-Aug-2017 18:16:15.143 INFO [main] org.apache.catalina.core.StandardEngine.startInternal Starting Servlet Engine: Apache Tomcat/8.5.20
14-Aug-2017 18:16:15.165 INFO [localhost-startStop-1] org.apache.catalina.startup.HostConfig.deployDirectory Deploying web application directory [/Users/deepti/Documents/philosphy/apache-tomcat-8.5.20/webapps/docs]
14-Aug-2017 18:16:16.269 INFO [localhost-startStop-1] org.apache.catalina.startup.HostConfig.deployDirectory Deployment of web application directory [/Users/deepti/Documents/philosphy/apache-tomcat-8.5.20/webapps/docs] has finished in [1,103] ms
14-Aug-2017 18:16:16.274 INFO [localhost-startStop-1] org.apache.catalina.startup.HostConfig.deployDirectory Deploying web application directory [/Users/deepti/Documents/philosphy/apache-tomcat-8.5.20/webapps/examples]
14-Aug-2017 18:16:17.341 INFO [localhost-startStop-1] org.apache.catalina.startup.HostConfig.deployDirectory Deployment of web application directory [/Users/deepti/Documents/philosphy/apache-tomcat-8.5.20/webapps/examples] has finished in [1,067] ms
14-Aug-2017 18:16:17.341 INFO [localhost-startStop-1] org.apache.catalina.startup.HostConfig.deployDirectory Deploying web application directory [/Users/deepti/Documents/philosphy/apache-tomcat-8.5.20/webapps/host-manager]
14-Aug-2017 18:16:17.438 INFO [localhost-startStop-1] org.apache.catalina.startup.HostConfig.deployDirectory Deployment of web application directory [/Users/deepti/Documents/philosphy/apache-tomcat-8.5.20/webapps/host-manager] has finished in [97] ms
14-Aug-2017 18:16:17.472 INFO [localhost-startStop-1] org.apache.catalina.startup.HostConfig.deployDirectory Deploying web application directory [/Users/deepti/Documents/philosphy/apache-tomcat-8.5.20/webapps/manager]
14-Aug-2017 18:16:17.571 INFO [localhost-startStop-1] org.apache.catalina.startup.HostConfig.deployDirectory Deployment of web application directory [/Users/deepti/Documents/philosphy/apache-tomcat-8.5.20/webapps/manager] has finished in [131] ms
14-Aug-2017 18:16:17.571 INFO [localhost-startStop-1] org.apache.catalina.startup.HostConfig.deployDirectory Deploying web application directory [/Users/deepti/Documents/philosphy/apache-tomcat-8.5.20/webapps/ROOT]
14-Aug-2017 18:16:17.600 INFO [localhost-startStop-1] org.apache.catalina.startup.HostConfig.deployDirectory Deployment of web application directory [/Users/deepti/Documents/philosphy/apache-tomcat-8.5.20/webapps/ROOT] has finished in [28] ms
14-Aug-2017 18:16:17.606 INFO [main] org.apache.coyote.AbstractProtocol.start Starting ProtocolHandler ["http-nio-8080"]
14-Aug-2017 18:16:17.627 INFO [main] org.apache.coyote.AbstractProtocol.start Starting ProtocolHandler ["ajp-nio-8009"]
14-Aug-2017 18:16:17.630 INFO [main] org.apache.catalina.startup.Catalina.start Server startup in 2614 ms
14-Aug-2017 18:30:22.887 INFO [main] org.apache.catalina.startup.VersionLoggerListener.log Server version:        Apache Tomcat/8.5.20
14-Aug-2017 18:30:22.892 INFO [main] org.apache.catalina.startup.VersionLoggerListener.log Server built:          Aug 2 2017 21:35:49 UTC
14-Aug-2017 18:30:22.892 INFO [main] org.apache.catalina.startup.VersionLoggerListener.log Server number:         8.5.20.0
14-Aug-2017 18:30:22.892 INFO [main] org.apache.catalina.startup.VersionLoggerListener.log OS Name:               Mac OS X
14-Aug-2017 18:30:22.893 INFO [main] org.apache.catalina.startup.VersionLoggerListener.log OS Version:            10.12.3
14-Aug-2017 18:30:22.893 INFO [main] org.apache.catalina.startup.VersionLoggerListener.log Architecture:          x86_64
14-Aug-2017 18:30:22.893 INFO [main] org.apache.catalina.startup.VersionLoggerListener.log Java Home:             /Library/Java/JavaVirtualMachines/jdk1.8.0_101.jdk/Contents/Home/jre
14-Aug-2017 18:30:22.893 INFO [main] org.apache.catalina.startup.VersionLoggerListener.log JVM Version:           1.8.0_101-b13
14-Aug-2017 18:30:22.893 INFO [main] org.apache.catalina.startup.VersionLoggerListener.log JVM Vendor:            Oracle Corporation
14-Aug-2017 18:30:22.893 INFO [main] org.apache.catalina.startup.VersionLoggerListener.log CATALINA_BASE:         /Users/deepti/Documents/philosphy/apache-tomcat-8.5.20
14-Aug-2017 18:30:22.893 INFO [main] org.apache.catalina.startup.VersionLoggerListener.log CATALINA_HOME:         /Users/deepti/Documents/philosphy/apache-tomcat-8.5.20
14-Aug-2017 18:30:22.894 INFO [main] org.apache.catalina.startup.VersionLoggerListener.log Command line argument: -Djava.util.logging.config.file=/Users/deepti/documents/philosphy/apache-tomcat-8.5.20/conf/logging.properties
14-Aug-2017 18:30:22.894 INFO [main] org.apache.catalina.startup.VersionLoggerListener.log Command line argument: -Djava.util.logging.manager=org.apache.juli.ClassLoaderLogManager
14-Aug-2017 18:30:22.894 INFO [main] org.apache.catalina.startup.VersionLoggerListener.log Command line argument: -Djdk.tls.ephemeralDHKeySize=2048
14-Aug-2017 18:30:22.895 INFO [main] org.apache.catalina.startup.VersionLoggerListener.log Command line argument: -Djava.protocol.handler.pkgs=org.apache.catalina.webresources
14-Aug-2017 18:30:22.895 INFO [main] org.apache.catalina.startup.VersionLoggerListener.log Command line argument: -Dcatalina.base=/Users/deepti/documents/philosphy/apache-tomcat-8.5.20
14-Aug-2017 18:30:22.895 INFO [main] org.apache.catalina.startup.VersionLoggerListener.log Command line argument: -Dcatalina.home=/Users/deepti/documents/philosphy/apache-tomcat-8.5.20
14-Aug-2017 18:30:22.895 INFO [main] org.apache.catalina.startup.VersionLoggerListener.log Command line argument: -Djava.io.tmpdir=/Users/deepti/documents/philosphy/apache-tomcat-8.5.20/temp
14-Aug-2017 18:30:22.895 INFO [main] org.apache.catalina.core.AprLifecycleListener.lifecycleEvent The APR based Apache Tomcat Native library which allows optimal performance in production environments was not found on the java.library.path: [/Users/deepti/Library/Java/Extensions:/Library/Java/Extensions:/Network/Library/Java/Extensions:/System/Library/Java/Extensions:/usr/lib/java:.]
14-Aug-2017 18:30:23.059 INFO [main] org.apache.coyote.AbstractProtocol.init Initializing ProtocolHandler ["http-nio-8080"]
14-Aug-2017 18:30:23.084 SEVERE [main] org.apache.coyote.AbstractProtocol.init Failed to initialize end point associated with ProtocolHandler ["http-nio-8080"]
 java.net.BindException: Address already in use
	at sun.nio.ch.Net.bind0(Native Method)
	at sun.nio.ch.Net.bind(Net.java:433)
	at sun.nio.ch.Net.bind(Net.java:425)
	at sun.nio.ch.ServerSocketChannelImpl.bind(ServerSocketChannelImpl.java:223)
	at sun.nio.ch.ServerSocketAdaptor.bind(ServerSocketAdaptor.java:74)
	at org.apache.tomcat.util.net.NioEndpoint.bind(NioEndpoint.java:210)
	at org.apache.tomcat.util.net.AbstractEndpoint.init(AbstractEndpoint.java:982)
	at org.apache.tomcat.util.net.AbstractJsseEndpoint.init(AbstractJsseEndpoint.java:244)
	at org.apache.coyote.AbstractProtocol.init(AbstractProtocol.java:620)
	at org.apache.coyote.http11.AbstractHttp11Protocol.init(AbstractHttp11Protocol.java:66)
	at org.apache.catalina.connector.Connector.initInternal(Connector.java:997)
	at org.apache.catalina.util.LifecycleBase.init(LifecycleBase.java:107)
	at org.apache.catalina.core.StandardService.initInternal(StandardService.java:549)
	at org.apache.catalina.util.LifecycleBase.init(LifecycleBase.java:107)
	at org.apache.catalina.core.StandardServer.initInternal(StandardServer.java:875)
	at org.apache.catalina.util.LifecycleBase.init(LifecycleBase.java:107)
	at org.apache.catalina.startup.Catalina.load(Catalina.java:607)
	at org.apache.catalina.startup.Catalina.load(Catalina.java:630)
	at sun.reflect.NativeMethodAccessorImpl.invoke0(Native Method)
	at sun.reflect.NativeMethodAccessorImpl.invoke(NativeMethodAccessorImpl.java:62)
	at sun.reflect.DelegatingMethodAccessorImpl.invoke(DelegatingMethodAccessorImpl.java:43)
	at java.lang.reflect.Method.invoke(Method.java:498)
	at org.apache.catalina.startup.Bootstrap.load(Bootstrap.java:311)
	at org.apache.catalina.startup.Bootstrap.main(Bootstrap.java:494)

14-Aug-2017 18:30:23.086 SEVERE [main] org.apache.catalina.core.StandardService.initInternal Failed to initialize connector [Connector[HTTP/1.1-8080]]
 org.apache.catalina.LifecycleException: Failed to initialize component [Connector[HTTP/1.1-8080]]
	at org.apache.catalina.util.LifecycleBase.init(LifecycleBase.java:112)
	at org.apache.catalina.core.StandardService.initInternal(StandardService.java:549)
	at org.apache.catalina.util.LifecycleBase.init(LifecycleBase.java:107)
	at org.apache.catalina.core.StandardServer.initInternal(StandardServer.java:875)
	at org.apache.catalina.util.LifecycleBase.init(LifecycleBase.java:107)
	at org.apache.catalina.startup.Catalina.load(Catalina.java:607)
	at org.apache.catalina.startup.Catalina.load(Catalina.java:630)
	at sun.reflect.NativeMethodAccessorImpl.invoke0(Native Method)
	at sun.reflect.NativeMethodAccessorImpl.invoke(NativeMethodAccessorImpl.java:62)
	at sun.reflect.DelegatingMethodAccessorImpl.invoke(DelegatingMethodAccessorImpl.java:43)
	at java.lang.reflect.Method.invoke(Method.java:498)
	at org.apache.catalina.startup.Bootstrap.load(Bootstrap.java:311)
	at org.apache.catalina.startup.Bootstrap.main(Bootstrap.java:494)
Caused by: org.apache.catalina.LifecycleException: Protocol handler initialization failed
	at org.apache.catalina.connector.Connector.initInternal(Connector.java:999)
	at org.apache.catalina.util.LifecycleBase.init(LifecycleBase.java:107)
	... 12 more
Caused by: java.net.BindException: Address already in use
	at sun.nio.ch.Net.bind0(Native Method)
	at sun.nio.ch.Net.bind(Net.java:433)
	at sun.nio.ch.Net.bind(Net.java:425)
	at sun.nio.ch.ServerSocketChannelImpl.bind(ServerSocketChannelImpl.java:223)
	at sun.nio.ch.ServerSocketAdaptor.bind(ServerSocketAdaptor.java:74)
	at org.apache.tomcat.util.net.NioEndpoint.bind(NioEndpoint.java:210)
	at org.apache.tomcat.util.net.AbstractEndpoint.init(AbstractEndpoint.java:982)
	at org.apache.tomcat.util.net.AbstractJsseEndpoint.init(AbstractJsseEndpoint.java:244)
	at org.apache.coyote.AbstractProtocol.init(AbstractProtocol.java:620)
	at org.apache.coyote.http11.AbstractHttp11Protocol.init(AbstractHttp11Protocol.java:66)
	at org.apache.catalina.connector.Connector.initInternal(Connector.java:997)
	... 13 more

14-Aug-2017 18:30:23.087 INFO [main] org.apache.coyote.AbstractProtocol.init Initializing ProtocolHandler ["ajp-nio-8009"]
14-Aug-2017 18:30:23.088 SEVERE [main] org.apache.coyote.AbstractProtocol.init Failed to initialize end point associated with ProtocolHandler ["ajp-nio-8009"]
 java.net.BindException: Address already in use
	at sun.nio.ch.Net.bind0(Native Method)
	at sun.nio.ch.Net.bind(Net.java:433)
	at sun.nio.ch.Net.bind(Net.java:425)
	at sun.nio.ch.ServerSocketChannelImpl.bind(ServerSocketChannelImpl.java:223)
	at sun.nio.ch.ServerSocketAdaptor.bind(ServerSocketAdaptor.java:74)
	at org.apache.tomcat.util.net.NioEndpoint.bind(NioEndpoint.java:210)
	at org.apache.tomcat.util.net.AbstractEndpoint.init(AbstractEndpoint.java:982)
	at org.apache.tomcat.util.net.AbstractJsseEndpoint.init(AbstractJsseEndpoint.java:244)
	at org.apache.coyote.AbstractProtocol.init(AbstractProtocol.java:620)
	at org.apache.catalina.connector.Connector.initInternal(Connector.java:997)
	at org.apache.catalina.util.LifecycleBase.init(LifecycleBase.java:107)
	at org.apache.catalina.core.StandardService.initInternal(StandardService.java:549)
	at org.apache.catalina.util.LifecycleBase.init(LifecycleBase.java:107)
	at org.apache.catalina.core.StandardServer.initInternal(StandardServer.java:875)
	at org.apache.catalina.util.LifecycleBase.init(LifecycleBase.java:107)
	at org.apache.catalina.startup.Catalina.load(Catalina.java:607)
	at org.apache.catalina.startup.Catalina.load(Catalina.java:630)
	at sun.reflect.NativeMethodAccessorImpl.invoke0(Native Method)
	at sun.reflect.NativeMethodAccessorImpl.invoke(NativeMethodAccessorImpl.java:62)
	at sun.reflect.DelegatingMethodAccessorImpl.invoke(DelegatingMethodAccessorImpl.java:43)
	at java.lang.reflect.Method.invoke(Method.java:498)
	at org.apache.catalina.startup.Bootstrap.load(Bootstrap.java:311)
	at org.apache.catalina.startup.Bootstrap.main(Bootstrap.java:494)

14-Aug-2017 18:30:23.089 SEVERE [main] org.apache.catalina.core.StandardService.initInternal Failed to initialize connector [Connector[AJP/1.3-8009]]
 org.apache.catalina.LifecycleException: Failed to initialize component [Connector[AJP/1.3-8009]]
	at org.apache.catalina.util.LifecycleBase.init(LifecycleBase.java:112)
	at org.apache.catalina.core.StandardService.initInternal(StandardService.java:549)
	at org.apache.catalina.util.LifecycleBase.init(LifecycleBase.java:107)
	at org.apache.catalina.core.StandardServer.initInternal(StandardServer.java:875)
	at org.apache.catalina.util.LifecycleBase.init(LifecycleBase.java:107)
	at org.apache.catalina.startup.Catalina.load(Catalina.java:607)
	at org.apache.catalina.startup.Catalina.load(Catalina.java:630)
	at sun.reflect.NativeMethodAccessorImpl.invoke0(Native Method)
	at sun.reflect.NativeMethodAccessorImpl.invoke(NativeMethodAccessorImpl.java:62)
	at sun.reflect.DelegatingMethodAccessorImpl.invoke(DelegatingMethodAccessorImpl.java:43)
	at java.lang.reflect.Method.invoke(Method.java:498)
	at org.apache.catalina.startup.Bootstrap.load(Bootstrap.java:311)
	at org.apache.catalina.startup.Bootstrap.main(Bootstrap.java:494)
Caused by: org.apache.catalina.LifecycleException: Protocol handler initialization failed
	at org.apache.catalina.connector.Connector.initInternal(Connector.java:999)
	at org.apache.catalina.util.LifecycleBase.init(LifecycleBase.java:107)
	... 12 more
Caused by: java.net.BindException: Address already in use
	at sun.nio.ch.Net.bind0(Native Method)
	at sun.nio.ch.Net.bind(Net.java:433)
	at sun.nio.ch.Net.bind(Net.java:425)
	at sun.nio.ch.ServerSocketChannelImpl.bind(ServerSocketChannelImpl.java:223)
	at sun.nio.ch.ServerSocketAdaptor.bind(ServerSocketAdaptor.java:74)
	at org.apache.tomcat.util.net.NioEndpoint.bind(NioEndpoint.java:210)
	at org.apache.tomcat.util.net.AbstractEndpoint.init(AbstractEndpoint.java:982)
	at org.apache.tomcat.util.net.AbstractJsseEndpoint.init(AbstractJsseEndpoint.java:244)
	at org.apache.coyote.AbstractProtocol.init(AbstractProtocol.java:620)
	at org.apache.catalina.connector.Connector.initInternal(Connector.java:997)
	... 13 more

14-Aug-2017 18:30:23.090 INFO [main] org.apache.catalina.startup.Catalina.load Initialization processed in 688 ms
14-Aug-2017 18:30:23.126 INFO [main] org.apache.catalina.core.StandardService.startInternal Starting service [Catalina]
14-Aug-2017 18:30:23.126 INFO [main] org.apache.catalina.core.StandardEngine.startInternal Starting Servlet Engine: Apache Tomcat/8.5.20
14-Aug-2017 18:30:23.137 INFO [localhost-startStop-1] org.apache.catalina.startup.HostConfig.deployDirectory Deploying web application directory [/Users/deepti/Documents/philosphy/apache-tomcat-8.5.20/webapps/docs]
14-Aug-2017 18:30:23.535 INFO [localhost-startStop-1] org.apache.catalina.startup.HostConfig.deployDirectory Deployment of web application directory [/Users/deepti/Documents/philosphy/apache-tomcat-8.5.20/webapps/docs] has finished in [397] ms
14-Aug-2017 18:30:23.536 INFO [localhost-startStop-1] org.apache.catalina.startup.HostConfig.deployDirectory Deploying web application directory [/Users/deepti/Documents/philosphy/apache-tomcat-8.5.20/webapps/examples]
14-Aug-2017 18:30:24.115 INFO [localhost-startStop-1] org.apache.catalina.startup.HostConfig.deployDirectory Deployment of web application directory [/Users/deepti/Documents/philosphy/apache-tomcat-8.5.20/webapps/examples] has finished in [579] ms
14-Aug-2017 18:30:24.116 INFO [localhost-startStop-1] org.apache.catalina.startup.HostConfig.deployDirectory Deploying web application directory [/Users/deepti/Documents/philosphy/apache-tomcat-8.5.20/webapps/host-manager]
14-Aug-2017 18:30:24.154 INFO [localhost-startStop-1] org.apache.catalina.startup.HostConfig.deployDirectory Deployment of web application directory [/Users/deepti/Documents/philosphy/apache-tomcat-8.5.20/webapps/host-manager] has finished in [38] ms
14-Aug-2017 18:30:24.155 INFO [localhost-startStop-1] org.apache.catalina.startup.HostConfig.deployDirectory Deploying web application directory [/Users/deepti/Documents/philosphy/apache-tomcat-8.5.20/webapps/manager]
14-Aug-2017 18:30:24.210 INFO [localhost-startStop-1] org.apache.catalina.startup.HostConfig.deployDirectory Deployment of web application directory [/Users/deepti/Documents/philosphy/apache-tomcat-8.5.20/webapps/manager] has finished in [55] ms
14-Aug-2017 18:30:24.210 INFO [localhost-startStop-1] org.apache.catalina.startup.HostConfig.deployDirectory Deploying web application directory [/Users/deepti/Documents/philosphy/apache-tomcat-8.5.20/webapps/ROOT]
14-Aug-2017 18:30:24.230 INFO [localhost-startStop-1] org.apache.catalina.startup.HostConfig.deployDirectory Deployment of web application directory [/Users/deepti/Documents/philosphy/apache-tomcat-8.5.20/webapps/ROOT] has finished in [19] ms
14-Aug-2017 18:30:24.234 INFO [main] org.apache.catalina.startup.Catalina.start Server startup in 1142 ms
14-Aug-2017 18:30:24.240 SEVERE [main] org.apache.catalina.core.StandardServer.await StandardServer.await: create[localhost:8005]: 
 java.net.BindException: Address already in use
	at java.net.PlainSocketImpl.socketBind(Native Method)
	at java.net.AbstractPlainSocketImpl.bind(AbstractPlainSocketImpl.java:387)
	at java.net.ServerSocket.bind(ServerSocket.java:375)
	at java.net.ServerSocket.<init>(ServerSocket.java:237)
	at org.apache.catalina.core.StandardServer.await(StandardServer.java:440)
	at org.apache.catalina.startup.Catalina.await(Catalina.java:744)
	at org.apache.catalina.startup.Catalina.start(Catalina.java:690)
	at sun.reflect.NativeMethodAccessorImpl.invoke0(Native Method)
	at sun.reflect.NativeMethodAccessorImpl.invoke(NativeMethodAccessorImpl.java:62)
	at sun.reflect.DelegatingMethodAccessorImpl.invoke(DelegatingMethodAccessorImpl.java:43)
	at java.lang.reflect.Method.invoke(Method.java:498)
	at org.apache.catalina.startup.Bootstrap.start(Bootstrap.java:355)
	at org.apache.catalina.startup.Bootstrap.main(Bootstrap.java:495)

14-Aug-2017 18:30:24.241 INFO [main] org.apache.coyote.AbstractProtocol.pause Pausing ProtocolHandler ["http-nio-8080"]
14-Aug-2017 18:30:24.241 INFO [main] org.apache.coyote.AbstractProtocol.pause Pausing ProtocolHandler ["ajp-nio-8009"]
14-Aug-2017 18:30:24.241 INFO [main] org.apache.catalina.core.StandardService.stopInternal Stopping service [Catalina]
14-Aug-2017 18:30:24.275 INFO [main] org.apache.coyote.AbstractProtocol.stop Stopping ProtocolHandler ["http-nio-8080"]
14-Aug-2017 18:30:24.275 INFO [main] org.apache.coyote.AbstractProtocol.destroy Destroying ProtocolHandler ["http-nio-8080"]
14-Aug-2017 18:30:24.276 INFO [main] org.apache.coyote.AbstractProtocol.stop Stopping ProtocolHandler ["ajp-nio-8009"]
14-Aug-2017 18:30:24.276 INFO [main] org.apache.coyote.AbstractProtocol.destroy Destroying ProtocolHandler ["ajp-nio-8009"]
14-Aug-2017 18:35:41.837 WARNING [http-nio-8080-exec-8] org.apache.catalina.realm.LockOutRealm.filterLockedAccounts An attempt was made to authenticate the locked user []
14-Aug-2017 18:35:41.847 WARNING [http-nio-8080-exec-5] org.apache.catalina.realm.LockOutRealm.filterLockedAccounts An attempt was made to authenticate the locked user []
14-Aug-2017 20:06:21.156 WARNING [http-nio-8080-exec-7] org.apache.catalina.realm.LockOutRealm.filterLockedAccounts An attempt was made to authenticate the locked user []
14-Aug-2017 20:49:56.821 WARNING [http-nio-8080-exec-1] org.apache.catalina.realm.LockOutRealm.filterLockedAccounts An attempt was made to authenticate the locked user [user]
14-Aug-2017 20:54:56.467 INFO [main] org.apache.catalina.core.StandardServer.await A valid shutdown command was received via the shutdown port. Stopping the Server instance.
14-Aug-2017 20:54:56.471 INFO [main] org.apache.coyote.AbstractProtocol.pause Pausing ProtocolHandler ["http-nio-8080"]
14-Aug-2017 20:54:56.536 INFO [main] org.apache.coyote.AbstractProtocol.pause Pausing ProtocolHandler ["ajp-nio-8009"]
14-Aug-2017 20:54:56.594 INFO [main] org.apache.catalina.core.StandardService.stopInternal Stopping service [Catalina]
14-Aug-2017 20:54:56.682 INFO [main] org.apache.coyote.AbstractProtocol.stop Stopping ProtocolHandler ["http-nio-8080"]
14-Aug-2017 20:54:56.688 INFO [main] org.apache.coyote.AbstractProtocol.stop Stopping ProtocolHandler ["ajp-nio-8009"]
14-Aug-2017 20:54:56.693 INFO [main] org.apache.coyote.AbstractProtocol.destroy Destroying ProtocolHandler ["http-nio-8080"]
14-Aug-2017 20:54:56.708 INFO [main] org.apache.coyote.AbstractProtocol.destroy Destroying ProtocolHandler ["ajp-nio-8009"]
14-Aug-2017 20:55:12.258 INFO [main] org.apache.catalina.startup.VersionLoggerListener.log Server version:        Apache Tomcat/8.5.20
14-Aug-2017 20:55:12.265 INFO [main] org.apache.catalina.startup.VersionLoggerListener.log Server built:          Aug 2 2017 21:35:49 UTC
14-Aug-2017 20:55:12.265 INFO [main] org.apache.catalina.startup.VersionLoggerListener.log Server number:         8.5.20.0
14-Aug-2017 20:55:12.266 INFO [main] org.apache.catalina.startup.VersionLoggerListener.log OS Name:               Mac OS X
14-Aug-2017 20:55:12.266 INFO [main] org.apache.catalina.startup.VersionLoggerListener.log OS Version:            10.12.3
14-Aug-2017 20:55:12.266 INFO [main] org.apache.catalina.startup.VersionLoggerListener.log Architecture:          x86_64
14-Aug-2017 20:55:12.267 INFO [main] org.apache.catalina.startup.VersionLoggerListener.log Java Home:             /Library/Java/JavaVirtualMachines/jdk1.8.0_101.jdk/Contents/Home/jre
14-Aug-2017 20:55:12.267 INFO [main] org.apache.catalina.startup.VersionLoggerListener.log JVM Version:           1.8.0_101-b13
14-Aug-2017 20:55:12.268 INFO [main] org.apache.catalina.startup.VersionLoggerListener.log JVM Vendor:            Oracle Corporation
14-Aug-2017 20:55:12.268 INFO [main] org.apache.catalina.startup.VersionLoggerListener.log CATALINA_BASE:         /Users/deepti/Documents/philosphy/apache-tomcat-8.5.20
14-Aug-2017 20:55:12.268 INFO [main] org.apache.catalina.startup.VersionLoggerListener.log CATALINA_HOME:         /Users/deepti/Documents/philosphy/apache-tomcat-8.5.20
14-Aug-2017 20:55:12.269 INFO [main] org.apache.catalina.startup.VersionLoggerListener.log Command line argument: -Djava.util.logging.config.file=/Users/deepti/Documents/philosphy/apache-tomcat-8.5.20/conf/logging.properties
14-Aug-2017 20:55:12.270 INFO [main] org.apache.catalina.startup.VersionLoggerListener.log Command line argument: -Djava.util.logging.manager=org.apache.juli.ClassLoaderLogManager
14-Aug-2017 20:55:12.270 INFO [main] org.apache.catalina.startup.VersionLoggerListener.log Command line argument: -Djdk.tls.ephemeralDHKeySize=2048
14-Aug-2017 20:55:12.270 INFO [main] org.apache.catalina.startup.VersionLoggerListener.log Command line argument: -Djava.protocol.handler.pkgs=org.apache.catalina.webresources
14-Aug-2017 20:55:12.270 INFO [main] org.apache.catalina.startup.VersionLoggerListener.log Command line argument: -Dcatalina.base=/Users/deepti/Documents/philosphy/apache-tomcat-8.5.20
14-Aug-2017 20:55:12.270 INFO [main] org.apache.catalina.startup.VersionLoggerListener.log Command line argument: -Dcatalina.home=/Users/deepti/Documents/philosphy/apache-tomcat-8.5.20
14-Aug-2017 20:55:12.271 INFO [main] org.apache.catalina.startup.VersionLoggerListener.log Command line argument: -Djava.io.tmpdir=/Users/deepti/Documents/philosphy/apache-tomcat-8.5.20/temp
14-Aug-2017 20:55:12.271 INFO [main] org.apache.catalina.core.AprLifecycleListener.lifecycleEvent The APR based Apache Tomcat Native library which allows optimal performance in production environments was not found on the java.library.path: [/Users/deepti/Library/Java/Extensions:/Library/Java/Extensions:/Network/Library/Java/Extensions:/System/Library/Java/Extensions:/usr/lib/java:.]
14-Aug-2017 20:55:12.531 INFO [main] org.apache.coyote.AbstractProtocol.init Initializing ProtocolHandler ["http-nio-8080"]
14-Aug-2017 20:55:12.588 INFO [main] org.apache.tomcat.util.net.NioSelectorPool.getSharedSelector Using a shared selector for servlet write/read
14-Aug-2017 20:55:12.596 INFO [main] org.apache.coyote.AbstractProtocol.init Initializing ProtocolHandler ["ajp-nio-8009"]
14-Aug-2017 20:55:12.608 INFO [main] org.apache.tomcat.util.net.NioSelectorPool.getSharedSelector Using a shared selector for servlet write/read
14-Aug-2017 20:55:12.608 INFO [main] org.apache.catalina.startup.Catalina.load Initialization processed in 1202 ms
14-Aug-2017 20:55:12.691 INFO [main] org.apache.catalina.core.StandardService.startInternal Starting service [Catalina]
14-Aug-2017 20:55:12.691 INFO [main] org.apache.catalina.core.StandardEngine.startInternal Starting Servlet Engine: Apache Tomcat/8.5.20
14-Aug-2017 20:55:12.712 INFO [localhost-startStop-1] org.apache.catalina.startup.HostConfig.deployDirectory Deploying web application directory [/Users/deepti/Documents/philosphy/apache-tomcat-8.5.20/webapps/docs]
14-Aug-2017 20:55:13.284 INFO [localhost-startStop-1] org.apache.catalina.startup.HostConfig.deployDirectory Deployment of web application directory [/Users/deepti/Documents/philosphy/apache-tomcat-8.5.20/webapps/docs] has finished in [571] ms
14-Aug-2017 20:55:13.284 INFO [localhost-startStop-1] org.apache.catalina.startup.HostConfig.deployDirectory Deploying web application directory [/Users/deepti/Documents/philosphy/apache-tomcat-8.5.20/webapps/examples]
14-Aug-2017 20:55:14.081 INFO [localhost-startStop-1] org.apache.catalina.startup.HostConfig.deployDirectory Deployment of web application directory [/Users/deepti/Documents/philosphy/apache-tomcat-8.5.20/webapps/examples] has finished in [796] ms
14-Aug-2017 20:55:14.082 INFO [localhost-startStop-1] org.apache.catalina.startup.HostConfig.deployDirectory Deploying web application directory [/Users/deepti/Documents/philosphy/apache-tomcat-8.5.20/webapps/host-manager]
14-Aug-2017 20:55:14.202 INFO [localhost-startStop-1] org.apache.catalina.startup.HostConfig.deployDirectory Deployment of web application directory [/Users/deepti/Documents/philosphy/apache-tomcat-8.5.20/webapps/host-manager] has finished in [76] ms
14-Aug-2017 20:55:14.202 INFO [localhost-startStop-1] org.apache.catalina.startup.HostConfig.deployDirectory Deploying web application directory [/Users/deepti/Documents/philosphy/apache-tomcat-8.5.20/webapps/manager]
14-Aug-2017 20:55:14.279 INFO [localhost-startStop-1] org.apache.catalina.startup.HostConfig.deployDirectory Deployment of web application directory [/Users/deepti/Documents/philosphy/apache-tomcat-8.5.20/webapps/manager] has finished in [77] ms
14-Aug-2017 20:55:14.280 INFO [localhost-startStop-1] org.apache.catalina.startup.HostConfig.deployDirectory Deploying web application directory [/Users/deepti/Documents/philosphy/apache-tomcat-8.5.20/webapps/ROOT]
14-Aug-2017 20:55:14.310 INFO [localhost-startStop-1] org.apache.catalina.startup.HostConfig.deployDirectory Deployment of web application directory [/Users/deepti/Documents/philosphy/apache-tomcat-8.5.20/webapps/ROOT] has finished in [30] ms
14-Aug-2017 20:55:14.314 INFO [main] org.apache.coyote.AbstractProtocol.start Starting ProtocolHandler ["http-nio-8080"]
14-Aug-2017 20:55:14.328 INFO [main] org.apache.coyote.AbstractProtocol.start Starting ProtocolHandler ["ajp-nio-8009"]
14-Aug-2017 20:55:14.338 INFO [main] org.apache.catalina.startup.Catalina.start Server startup in 1729 ms
14-Aug-2017 21:03:41.249 INFO [main] org.apache.catalina.core.StandardServer.await A valid shutdown command was received via the shutdown port. Stopping the Server instance.
14-Aug-2017 21:03:41.250 INFO [main] org.apache.coyote.AbstractProtocol.pause Pausing ProtocolHandler ["http-nio-8080"]
14-Aug-2017 21:03:41.312 INFO [main] org.apache.coyote.AbstractProtocol.pause Pausing ProtocolHandler ["ajp-nio-8009"]
14-Aug-2017 21:03:41.370 INFO [main] org.apache.catalina.core.StandardService.stopInternal Stopping service [Catalina]
14-Aug-2017 21:03:41.429 INFO [main] org.apache.coyote.AbstractProtocol.stop Stopping ProtocolHandler ["http-nio-8080"]
14-Aug-2017 21:03:41.434 INFO [main] org.apache.coyote.AbstractProtocol.stop Stopping ProtocolHandler ["ajp-nio-8009"]
14-Aug-2017 21:03:41.437 INFO [main] org.apache.coyote.AbstractProtocol.destroy Destroying ProtocolHandler ["http-nio-8080"]
14-Aug-2017 21:03:41.438 INFO [main] org.apache.coyote.AbstractProtocol.destroy Destroying ProtocolHandler ["ajp-nio-8009"]
14-Aug-2017 21:04:24.024 INFO [main] org.apache.catalina.startup.VersionLoggerListener.log Server version:        Apache Tomcat/8.5.20
14-Aug-2017 21:04:24.030 INFO [main] org.apache.catalina.startup.VersionLoggerListener.log Server built:          Aug 2 2017 21:35:49 UTC
14-Aug-2017 21:04:24.031 INFO [main] org.apache.catalina.startup.VersionLoggerListener.log Server number:         8.5.20.0
14-Aug-2017 21:04:24.031 INFO [main] org.apache.catalina.startup.VersionLoggerListener.log OS Name:               Mac OS X
14-Aug-2017 21:04:24.031 INFO [main] org.apache.catalina.startup.VersionLoggerListener.log OS Version:            10.12.3
14-Aug-2017 21:04:24.031 INFO [main] org.apache.catalina.startup.VersionLoggerListener.log Architecture:          x86_64
14-Aug-2017 21:04:24.031 INFO [main] org.apache.catalina.startup.VersionLoggerListener.log Java Home:             /Library/Java/JavaVirtualMachines/jdk1.8.0_101.jdk/Contents/Home/jre
14-Aug-2017 21:04:24.032 INFO [main] org.apache.catalina.startup.VersionLoggerListener.log JVM Version:           1.8.0_101-b13
14-Aug-2017 21:04:24.033 INFO [main] org.apache.catalina.startup.VersionLoggerListener.log JVM Vendor:            Oracle Corporation
14-Aug-2017 21:04:24.033 INFO [main] org.apache.catalina.startup.VersionLoggerListener.log CATALINA_BASE:         /Users/deepti/Documents/philosphy/apache-tomcat-8.5.20
14-Aug-2017 21:04:24.034 INFO [main] org.apache.catalina.startup.VersionLoggerListener.log CATALINA_HOME:         /Users/deepti/Documents/philosphy/apache-tomcat-8.5.20
14-Aug-2017 21:04:24.036 INFO [main] org.apache.catalina.startup.VersionLoggerListener.log Command line argument: -Djava.util.logging.config.file=/Users/deepti/Documents/philosphy/apache-tomcat-8.5.20/conf/logging.properties
14-Aug-2017 21:04:24.037 INFO [main] org.apache.catalina.startup.VersionLoggerListener.log Command line argument: -Djava.util.logging.manager=org.apache.juli.ClassLoaderLogManager
14-Aug-2017 21:04:24.037 INFO [main] org.apache.catalina.startup.VersionLoggerListener.log Command line argument: -Dhttp.nonProxyHosts=localhost|127.0.0.1|Deeptis-MacBook-Air.local
14-Aug-2017 21:04:24.037 INFO [main] org.apache.catalina.startup.VersionLoggerListener.log Command line argument: -Djdk.tls.ephemeralDHKeySize=2048
14-Aug-2017 21:04:24.037 INFO [main] org.apache.catalina.startup.VersionLoggerListener.log Command line argument: -Djava.protocol.handler.pkgs=org.apache.catalina.webresources
14-Aug-2017 21:04:24.038 INFO [main] org.apache.catalina.startup.VersionLoggerListener.log Command line argument: -Dcatalina.base=/Users/deepti/Documents/philosphy/apache-tomcat-8.5.20
14-Aug-2017 21:04:24.038 INFO [main] org.apache.catalina.startup.VersionLoggerListener.log Command line argument: -Dcatalina.home=/Users/deepti/Documents/philosphy/apache-tomcat-8.5.20
14-Aug-2017 21:04:24.039 INFO [main] org.apache.catalina.startup.VersionLoggerListener.log Command line argument: -Djava.io.tmpdir=/Users/deepti/Documents/philosphy/apache-tomcat-8.5.20/temp
14-Aug-2017 21:04:24.040 INFO [main] org.apache.catalina.core.AprLifecycleListener.lifecycleEvent The APR based Apache Tomcat Native library which allows optimal performance in production environments was not found on the java.library.path: [/Users/deepti/Library/Java/Extensions:/Library/Java/Extensions:/Network/Library/Java/Extensions:/System/Library/Java/Extensions:/usr/lib/java:.]
14-Aug-2017 21:04:24.315 INFO [main] org.apache.coyote.AbstractProtocol.init Initializing ProtocolHandler ["http-nio-8080"]
14-Aug-2017 21:04:24.358 INFO [main] org.apache.tomcat.util.net.NioSelectorPool.getSharedSelector Using a shared selector for servlet write/read
14-Aug-2017 21:04:24.369 INFO [main] org.apache.coyote.AbstractProtocol.init Initializing ProtocolHandler ["ajp-nio-8009"]
14-Aug-2017 21:04:24.373 INFO [main] org.apache.tomcat.util.net.NioSelectorPool.getSharedSelector Using a shared selector for servlet write/read
14-Aug-2017 21:04:24.373 INFO [main] org.apache.catalina.startup.Catalina.load Initialization processed in 1205 ms
14-Aug-2017 21:04:24.449 INFO [main] org.apache.catalina.core.StandardService.startInternal Starting service [Catalina]
14-Aug-2017 21:04:24.450 INFO [main] org.apache.catalina.core.StandardEngine.startInternal Starting Servlet Engine: Apache Tomcat/8.5.20
14-Aug-2017 21:04:24.483 INFO [localhost-startStop-1] org.apache.catalina.startup.HostConfig.deployDirectory Deploying web application directory [/Users/deepti/Documents/philosphy/apache-tomcat-8.5.20/webapps/docs]
14-Aug-2017 21:04:25.242 INFO [localhost-startStop-1] org.apache.catalina.startup.HostConfig.deployDirectory Deployment of web application directory [/Users/deepti/Documents/philosphy/apache-tomcat-8.5.20/webapps/docs] has finished in [759] ms
14-Aug-2017 21:04:25.243 INFO [localhost-startStop-1] org.apache.catalina.startup.HostConfig.deployDirectory Deploying web application directory [/Users/deepti/Documents/philosphy/apache-tomcat-8.5.20/webapps/examples]
14-Aug-2017 21:04:26.147 INFO [localhost-startStop-1] org.apache.catalina.startup.HostConfig.deployDirectory Deployment of web application directory [/Users/deepti/Documents/philosphy/apache-tomcat-8.5.20/webapps/examples] has finished in [903] ms
14-Aug-2017 21:04:26.147 INFO [localhost-startStop-1] org.apache.catalina.startup.HostConfig.deployDirectory Deploying web application directory [/Users/deepti/Documents/philosphy/apache-tomcat-8.5.20/webapps/host-manager]
14-Aug-2017 21:04:26.232 INFO [localhost-startStop-1] org.apache.catalina.startup.HostConfig.deployDirectory Deployment of web application directory [/Users/deepti/Documents/philosphy/apache-tomcat-8.5.20/webapps/host-manager] has finished in [85] ms
14-Aug-2017 21:04:26.232 INFO [localhost-startStop-1] org.apache.catalina.startup.HostConfig.deployDirectory Deploying web application directory [/Users/deepti/Documents/philosphy/apache-tomcat-8.5.20/webapps/manager]
14-Aug-2017 21:04:26.306 INFO [localhost-startStop-1] org.apache.catalina.startup.HostConfig.deployDirectory Deployment of web application directory [/Users/deepti/Documents/philosphy/apache-tomcat-8.5.20/webapps/manager] has finished in [73] ms
14-Aug-2017 21:04:26.306 INFO [localhost-startStop-1] org.apache.catalina.startup.HostConfig.deployDirectory Deploying web application directory [/Users/deepti/Documents/philosphy/apache-tomcat-8.5.20/webapps/ROOT]
14-Aug-2017 21:04:26.353 INFO [localhost-startStop-1] org.apache.catalina.startup.HostConfig.deployDirectory Deployment of web application directory [/Users/deepti/Documents/philosphy/apache-tomcat-8.5.20/webapps/ROOT] has finished in [47] ms
14-Aug-2017 21:04:26.360 INFO [main] org.apache.coyote.AbstractProtocol.start Starting ProtocolHandler ["http-nio-8080"]
14-Aug-2017 21:04:26.376 INFO [main] org.apache.coyote.AbstractProtocol.start Starting ProtocolHandler ["ajp-nio-8009"]
14-Aug-2017 21:04:26.378 INFO [main] org.apache.catalina.startup.Catalina.start Server startup in 2004 ms
14-Aug-2017 21:04:47.610 WARNING [http-nio-8080-exec-3] org.apache.catalina.realm.LockOutRealm.filterLockedAccounts An attempt was made to authenticate the locked user [user]
14-Aug-2017 21:04:49.007 WARNING [http-nio-8080-exec-5] org.apache.catalina.realm.LockOutRealm.filterLockedAccounts An attempt was made to authenticate the locked user [user]
14-Aug-2017 21:04:50.215 WARNING [http-nio-8080-exec-7] org.apache.catalina.realm.LockOutRealm.filterLockedAccounts An attempt was made to authenticate the locked user [user]
14-Aug-2017 21:04:50.659 WARNING [http-nio-8080-exec-9] org.apache.catalina.realm.LockOutRealm.filterLockedAccounts An attempt was made to authenticate the locked user [user]
14-Aug-2017 21:04:57.938 WARNING [http-nio-8080-exec-3] org.apache.catalina.realm.LockOutRealm.filterLockedAccounts An attempt was made to authenticate the locked user [user]
14-Aug-2017 21:04:57.952 WARNING [http-nio-8080-exec-4] org.apache.catalina.realm.LockOutRealm.filterLockedAccounts An attempt was made to authenticate the locked user [user]
14-Aug-2017 23:13:00.633 INFO [Thread-5] org.apache.coyote.AbstractProtocol.pause Pausing ProtocolHandler ["http-nio-8080"]
14-Aug-2017 23:13:00.680 INFO [Thread-5] org.apache.coyote.AbstractProtocol.pause Pausing ProtocolHandler ["ajp-nio-8009"]
14-Aug-2017 23:13:00.733 INFO [Thread-5] org.apache.catalina.core.StandardService.stopInternal Stopping service [Catalina]
14-Aug-2017 23:13:00.850 INFO [Thread-5] org.apache.coyote.AbstractProtocol.stop Stopping ProtocolHandler ["http-nio-8080"]
14-Aug-2017 23:13:00.857 INFO [Thread-5] org.apache.coyote.AbstractProtocol.stop Stopping ProtocolHandler ["ajp-nio-8009"]
14-Aug-2017 23:13:00.862 INFO [Thread-5] org.apache.coyote.AbstractProtocol.destroy Destroying ProtocolHandler ["http-nio-8080"]
14-Aug-2017 23:13:00.865 INFO [Thread-5] org.apache.coyote.AbstractProtocol.destroy Destroying ProtocolHandler ["ajp-nio-8009"]
